==4202== Memcheck, a memory error detector
==4202== Copyright (C) 2002-2011, and GNU GPL'd, by Julian Seward et al.
==4202== Using Valgrind-3.7.0 and LibVEX; rerun with -h for copyright info
==4202== Command: test_assign3
==4202== Parent PID: 4144
==4202== 
==4202== 
==4202== HEAP SUMMARY:
==4202==     in use at exit: 682,723 bytes in 42,592 blocks
==4202==   total heap usage: 138,505 allocs, 95,913 frees, 48,054,950 bytes allocated
==4202== 
==4202== LEAK SUMMARY:
==4202==    definitely lost: 423,138 bytes in 21,299 blocks
==4202==    indirectly lost: 259,585 bytes in 21,293 blocks
==4202==      possibly lost: 0 bytes in 0 blocks
==4202==    still reachable: 0 bytes in 0 blocks
==4202==         suppressed: 0 bytes in 0 blocks
==4202== Rerun with --leak-check=full to see details of leaked memory
==4202== 
==4202== For counts of detected and suppressed errors, rerun with: -v
==4202== ERROR SUMMARY: 0 errors from 0 contexts (suppressed: 2 from 2)
