==4207== Memcheck, a memory error detector
==4207== Copyright (C) 2002-2011, and GNU GPL'd, by Julian Seward et al.
==4207== Using Valgrind-3.7.0 and LibVEX; rerun with -h for copyright info
==4207== Command: test_expr
==4207== Parent PID: 4144
==4207== 
==4207== 
==4207== HEAP SUMMARY:
==4207==     in use at exit: 1,056 bytes in 74 blocks
==4207==   total heap usage: 122 allocs, 48 frees, 62,568 bytes allocated
==4207== 
==4207== LEAK SUMMARY:
==4207==    definitely lost: 788 bytes in 55 blocks
==4207==    indirectly lost: 268 bytes in 19 blocks
==4207==      possibly lost: 0 bytes in 0 blocks
==4207==    still reachable: 0 bytes in 0 blocks
==4207==         suppressed: 0 bytes in 0 blocks
==4207== Rerun with --leak-check=full to see details of leaked memory
==4207== 
==4207== For counts of detected and suppressed errors, rerun with: -v
==4207== ERROR SUMMARY: 0 errors from 0 contexts (suppressed: 2 from 2)
